{
"contracts/Lottery.sol":{"l":{"66":0,"67":0,"68":0,"69":0,"70":0,"71":0,"72":0,"73":0,"79":0,"80":0,"82":0,"83":0,"85":0,"86":0,"109":0,"110":0,"111":0,"112":0,"113":0,"119":0,"120":0,"121":0,"127":0,"128":0,"135":0,"142":0,"143":0,"144":0,"145":0,"146":0,"147":0,"148":0,"151":0,"152":0,"154":0,"159":0,"163":0,"167":0,"171":0,"175":0,"179":0,"183":0,"187":0,"191":0},"path":"/root/Lottery-smartcontract/contracts/Lottery.sol","s":{"1":0,"2":0,"3":0,"4":0,"5":0,"6":0,"7":0,"8":0,"9":0,"10":0,"11":0,"12":0,"13":0,"14":0,"15":0,"16":0,"17":0,"18":0,"19":0,"20":0,"21":0,"22":0,"23":0,"24":0,"25":0,"26":0,"27":0,"28":0,"29":0,"30":0,"31":0,"32":0,"33":0,"34":0,"35":0,"36":0,"37":0,"38":0,"39":0,"40":0},"b":{"1":[0,0],"2":[0,0],"3":[0,0],"4":[0,0]},"f":{"1":0,"2":0,"3":0,"4":0,"5":0,"6":0,"7":0,"8":0,"9":0,"10":0,"11":0,"12":0,"13":0,"14":0},"fnMap":{"1":{"name":"constructor","line":65,"loc":{"start":{"line":58,"column":4},"end":{"line":74,"column":4}}},"2":{"name":"enterLottery","line":78,"loc":{"start":{"line":78,"column":4},"end":{"line":87,"column":4}}},"3":{"name":"checkUpkeep","line":99,"loc":{"start":{"line":99,"column":4},"end":{"line":114,"column":4}}},"4":{"name":"performUpkeep","line":116,"loc":{"start":{"line":116,"column":4},"end":{"line":136,"column":4}}},"5":{"name":"fulfillRandomWords","line":138,"loc":{"start":{"line":138,"column":4},"end":{"line":155,"column":4}}},"6":{"name":"getEntryFee","line":158,"loc":{"start":{"line":158,"column":4},"end":{"line":160,"column":4}}},"7":{"name":"getPlayers","line":162,"loc":{"start":{"line":162,"column":4},"end":{"line":164,"column":4}}},"8":{"name":"getRecentWinner","line":166,"loc":{"start":{"line":166,"column":4},"end":{"line":168,"column":4}}},"9":{"name":"getNumWords","line":170,"loc":{"start":{"line":170,"column":4},"end":{"line":172,"column":4}}},"10":{"name":"getNumberOfPlayers","line":174,"loc":{"start":{"line":174,"column":4},"end":{"line":176,"column":4}}},"11":{"name":"getLastTimeStamp","line":178,"loc":{"start":{"line":178,"column":4},"end":{"line":180,"column":4}}},"12":{"name":"getConfirmations","line":182,"loc":{"start":{"line":182,"column":4},"end":{"line":184,"column":4}}},"13":{"name":"getLotteryState","line":186,"loc":{"start":{"line":186,"column":4},"end":{"line":188,"column":4}}},"14":{"name":"getInterval","line":190,"loc":{"start":{"line":190,"column":4},"end":{"line":192,"column":4}}}},"statementMap":{"1":{"start":{"line":66,"column":8},"end":{"line":66,"column":28}},"2":{"start":{"line":67,"column":8},"end":{"line":67,"column":69}},"3":{"start":{"line":68,"column":8},"end":{"line":68,"column":26}},"4":{"start":{"line":69,"column":8},"end":{"line":69,"column":40}},"5":{"start":{"line":70,"column":8},"end":{"line":70,"column":44}},"6":{"start":{"line":71,"column":8},"end":{"line":71,"column":41}},"7":{"start":{"line":72,"column":8},"end":{"line":72,"column":40}},"8":{"start":{"line":73,"column":8},"end":{"line":73,"column":28}},"9":{"start":{"line":79,"column":8},"end":{"line":79,"column":2495}},"10":{"start":{"line":82,"column":8},"end":{"line":82,"column":2594}},"11":{"start":{"line":85,"column":8},"end":{"line":85,"column":42}},"12":{"start":{"line":86,"column":8},"end":{"line":86,"column":37}},"13":{"start":{"line":109,"column":8},"end":{"line":109,"column":57}},"14":{"start":{"line":110,"column":8},"end":{"line":110,"column":74}},"15":{"start":{"line":111,"column":8},"end":{"line":111,"column":46}},"16":{"start":{"line":112,"column":8},"end":{"line":112,"column":51}},"17":{"start":{"line":113,"column":8},"end":{"line":113,"column":72}},"18":{"start":{"line":119,"column":8},"end":{"line":119,"column":47}},"19":{"start":{"line":120,"column":8},"end":{"line":120,"column":3835}},"20":{"start":{"line":127,"column":8},"end":{"line":127,"column":48}},"21":{"start":{"line":128,"column":8},"end":{"line":128,"column":4099}},"22":{"start":{"line":135,"column":8},"end":{"line":135,"column":44}},"23":{"start":{"line":142,"column":8},"end":{"line":142,"column":65}},"24":{"start":{"line":143,"column":8},"end":{"line":143,"column":63}},"25":{"start":{"line":144,"column":8},"end":{"line":144,"column":36}},"26":{"start":{"line":145,"column":8},"end":{"line":145,"column":41}},"27":{"start":{"line":146,"column":8},"end":{"line":146,"column":43}},"28":{"start":{"line":147,"column":8},"end":{"line":147,"column":40}},"29":{"start":{"line":148,"column":8},"end":{"line":148,"column":78}},"30":{"start":{"line":151,"column":8},"end":{"line":151,"column":5076}},"31":{"start":{"line":154,"column":8},"end":{"line":154,"column":39}},"32":{"start":{"line":159,"column":8},"end":{"line":159,"column":25}},"33":{"start":{"line":163,"column":8},"end":{"line":163,"column":31}},"34":{"start":{"line":167,"column":8},"end":{"line":167,"column":29}},"35":{"start":{"line":171,"column":8},"end":{"line":171,"column":24}},"36":{"start":{"line":175,"column":8},"end":{"line":175,"column":31}},"37":{"start":{"line":179,"column":8},"end":{"line":179,"column":30}},"38":{"start":{"line":183,"column":8},"end":{"line":183,"column":36}},"39":{"start":{"line":187,"column":8},"end":{"line":187,"column":29}},"40":{"start":{"line":191,"column":8},"end":{"line":191,"column":25}}},"branchMap":{"1":{"line":79,"type":"if","locations":[{"start":{"line":79,"column":8},"end":{"line":79,"column":8}},{"start":{"line":79,"column":8},"end":{"line":79,"column":8}}]},"2":{"line":82,"type":"if","locations":[{"start":{"line":82,"column":8},"end":{"line":82,"column":8}},{"start":{"line":82,"column":8},"end":{"line":82,"column":8}}]},"3":{"line":120,"type":"if","locations":[{"start":{"line":120,"column":8},"end":{"line":120,"column":8}},{"start":{"line":120,"column":8},"end":{"line":120,"column":8}}]},"4":{"line":151,"type":"if","locations":[{"start":{"line":151,"column":8},"end":{"line":151,"column":8}},{"start":{"line":151,"column":8},"end":{"line":151,"column":8}}]}}},
"contracts/test/VRFCoordinatorV2Mocks.sol":{"l":{},"path":"/root/Lottery-smartcontract/contracts/test/VRFCoordinatorV2Mocks.sol","s":{},"b":{},"f":{},"fnMap":{},"statementMap":{},"branchMap":{}}}
