TN:
SF:/root/Lottery-smartcontract/contracts/Lottery.sol
FN:65,constructor
FN:78,enterLottery
FN:99,checkUpkeep
FN:116,performUpkeep
FN:138,fulfillRandomWords
FN:158,getEntryFee
FN:162,getPlayers
FN:166,getRecentWinner
FN:170,getNumWords
FN:174,getNumberOfPlayers
FN:178,getLastTimeStamp
FN:182,getConfirmations
FN:186,getLotteryState
FN:190,getInterval
FNF:14
FNH:0
FNDA:0,constructor
FNDA:0,enterLottery
FNDA:0,checkUpkeep
FNDA:0,performUpkeep
FNDA:0,fulfillRandomWords
FNDA:0,getEntryFee
FNDA:0,getPlayers
FNDA:0,getRecentWinner
FNDA:0,getNumWords
FNDA:0,getNumberOfPlayers
FNDA:0,getLastTimeStamp
FNDA:0,getConfirmations
FNDA:0,getLotteryState
FNDA:0,getInterval
DA:66,0
DA:67,0
DA:68,0
DA:69,0
DA:70,0
DA:71,0
DA:72,0
DA:73,0
DA:79,0
DA:80,0
DA:82,0
DA:83,0
DA:85,0
DA:86,0
DA:109,0
DA:110,0
DA:111,0
DA:112,0
DA:113,0
DA:119,0
DA:120,0
DA:121,0
DA:127,0
DA:128,0
DA:135,0
DA:142,0
DA:143,0
DA:144,0
DA:145,0
DA:146,0
DA:147,0
DA:148,0
DA:151,0
DA:152,0
DA:154,0
DA:159,0
DA:163,0
DA:167,0
DA:171,0
DA:175,0
DA:179,0
DA:183,0
DA:187,0
DA:191,0
LF:44
LH:0
BRDA:79,1,0,0
BRDA:79,1,1,0
BRDA:82,2,0,0
BRDA:82,2,1,0
BRDA:120,3,0,0
BRDA:120,3,1,0
BRDA:151,4,0,0
BRDA:151,4,1,0
BRF:8
BRH:0
end_of_record
TN:
SF:/root/Lottery-smartcontract/contracts/test/VRFCoordinatorV2Mocks.sol
FNF:0
FNH:0
LF:0
LH:0
BRF:0
BRH:0
end_of_record
